nohup: ignoring input
['ade_classification.py', 'agnews.py', 'amazon_polarity.py', 'anli.py', 'circa.py', 'dbpedia_14.py', 'discovery.py', 'emo.py', 'emotion.py', 'ethos.py', 'fewshot_gym_dataset.py', 'glue_cola.py', 'glue_mnli.py', 'glue_mrpc.py', 'glue_qnli.py', 'glue_qqp.py', 'glue_rte.py', 'glue_sst2.py', 'glue_wnli.py', 'google_wellformed_query.py', 'hate_speech_offensive.py', 'hatexplain.py', 'health_fact.py', 'imdb.py', 'kilt_fever.py', 'liar.py', 'onestop_english.py', 'paws.py', 'rotten_tomatoes.py', 'scicite.py', 'scitail.py', 'sick.py', 'sms_spam.py', 'superglue_cb.py', 'superglue_rte.py', 'superglue_wic.py', 'superglue_wsc.py', 'tab_fact.py', 'trec.py', 'trec_finegrained.py', 'tweet_eval.py', 'utils.py', 'wiki_qa.py', 'yahoo_answers_topics.py', 'yelp_polarity.py']
Passing file checks ...
Process 9 is handling the following tasks: ['sms_spam.py', 'superglue_cb.py', 'superglue_rte.py', 'superglue_wic.py']
Process 9: Processing sms_spam.py ...
Process 9: Processing sms_spam.py ... [Success]
Process 9: Processing superglue_cb.py ...
Process 9: Processing superglue_cb.py ... [Success]
Process 9: Processing superglue_rte.py ...
Process 9: Processing superglue_rte.py ... [Success]
Process 9: Processing superglue_wic.py ...
Process 9: Processing superglue_wic.py ... [Success]
Process 3 is handling the following tasks: ['emotion.py', 'ethos.py', 'fewshot_gym_dataset.py', 'glue_cola.py']
Process 3: Processing emotion.py ...
Process 3: Processing emotion.py ... [Success]
Process 3: Processing ethos.py ...
Process 3: Processing ethos.py ... [Success]
Process 3: Processing fewshot_gym_dataset.py ...
Process 3: Processing fewshot_gym_dataset.py ... [Success]
Process 3: Processing glue_cola.py ...
Process 3: Processing glue_cola.py ... [Success]
Process 5 is handling the following tasks: ['glue_rte.py', 'glue_sst2.py', 'glue_wnli.py', 'google_wellformed_query.py']
Process 5: Processing glue_rte.py ...
Process 5: Processing glue_rte.py ... [Success]
Process 5: Processing glue_sst2.py ...
Process 5: Processing glue_sst2.py ... [Success]
Process 5: Processing glue_wnli.py ...
Process 5: Processing glue_wnli.py ... [Success]
Process 5: Processing google_wellformed_query.py ...
Process 5: Processing google_wellformed_query.py ... [Success]
Process 8 is handling the following tasks: ['rotten_tomatoes.py', 'scicite.py', 'scitail.py', 'sick.py']
Process 8: Processing rotten_tomatoes.py ...
Process 8: Processing rotten_tomatoes.py ... [Success]
Process 8: Processing scicite.py ...
Process 8: Processing scicite.py ... [Success]
Process 8: Processing scitail.py ...
Process 8: Processing scitail.py ... [Success]
Process 8: Processing sick.py ...
Process 8: Processing sick.py ... [Failed]
Process 1 is handling the following tasks: ['ade_classification.py', 'agnews.py', 'amazon_polarity.py', 'anli.py']
Process 1: Processing ade_classification.py ...
Process 1: Processing ade_classification.py ... [Success]
Process 1: Processing agnews.py ...
Process 1: Processing agnews.py ... [Success]
Process 1: Processing amazon_polarity.py ...
Process 1: Processing amazon_polarity.py ... [Failed]
Process 1: Processing anli.py ...
Process 1: Processing anli.py ... [Success]
